c:\users\admin\documents\visual studio 2015\projects\shooting\debug\vc140.pdb
c:\users\admin\documents\visual studio 2015\projects\shooting\debug\vc140.idb
c:\users\admin\documents\visual studio 2015\projects\shooting\debug\character.obj
c:\users\admin\documents\visual studio 2015\projects\shooting\debug\client.obj
c:\users\admin\documents\visual studio 2015\projects\shooting\debug\display.obj
c:\users\admin\documents\visual studio 2015\projects\shooting\debug\enemyunit.obj
c:\users\admin\documents\visual studio 2015\projects\shooting\debug\tohoenemy.obj
c:\users\admin\documents\visual studio 2015\projects\shooting\debug\graphics.obj
c:\users\admin\documents\visual studio 2015\projects\shooting\debug\inputkey.obj
c:\users\admin\documents\visual studio 2015\projects\shooting\debug\material.obj
c:\users\admin\documents\visual studio 2015\projects\shooting\debug\playerunit.obj
c:\users\admin\documents\visual studio 2015\projects\shooting\debug\shot.obj
c:\users\admin\documents\visual studio 2015\projects\shooting\debug\main.obj
c:\users\admin\documents\visual studio 2015\projects\shooting\debug\unit.obj
c:\users\admin\documents\visual studio 2015\projects\shooting\debug\shooting.ilk
c:\users\admin\documents\visual studio 2015\projects\shooting\debug\shooting.exe
c:\users\admin\documents\visual studio 2015\projects\shooting\debug\shooting.pdb
c:\users\admin\documents\visual studio 2015\projects\shooting\debug\shooting.tlog\cl.command.1.tlog
c:\users\admin\documents\visual studio 2015\projects\shooting\debug\shooting.tlog\cl.read.1.tlog
c:\users\admin\documents\visual studio 2015\projects\shooting\debug\shooting.tlog\cl.write.1.tlog
c:\users\admin\documents\visual studio 2015\projects\shooting\debug\shooting.tlog\link.command.1.tlog
c:\users\admin\documents\visual studio 2015\projects\shooting\debug\shooting.tlog\link.read.1.tlog
c:\users\admin\documents\visual studio 2015\projects\shooting\debug\shooting.tlog\link.write.1.tlog
