  Shot.cpp
  PlayerUnit.cpp
  Material.cpp
  InputKey.cpp
  Graphics.cpp
  TohoEnemy.cpp
c:\users\admin\documents\visual studio 2015\projects\shooting\tohoenemy.cpp(51): warning C4244: '=': 'double' から 'int' への変換です。データが失われる可能性があります。
c:\users\admin\documents\visual studio 2015\projects\shooting\tohoenemy.cpp(52): warning C4244: '=': 'double' から 'int' への変換です。データが失われる可能性があります。
c:\users\admin\documents\visual studio 2015\projects\shooting\tohoenemy.cpp(71): warning C4244: '=': 'double' から 'int' への変換です。データが失われる可能性があります。
c:\users\admin\documents\visual studio 2015\projects\shooting\tohoenemy.cpp(72): warning C4244: '=': 'double' から 'int' への変換です。データが失われる可能性があります。
c:\users\admin\documents\visual studio 2015\projects\shooting\tohoenemy.cpp(80): warning C4244: '=': 'double' から 'int' への変換です。データが失われる可能性があります。
c:\users\admin\documents\visual studio 2015\projects\shooting\tohoenemy.cpp(82): warning C4244: '=': 'double' から 'int' への変換です。データが失われる可能性があります。
c:\users\admin\documents\visual studio 2015\projects\shooting\tohoenemy.cpp(90): warning C4244: '=': 'double' から 'int' への変換です。データが失われる可能性があります。
c:\users\admin\documents\visual studio 2015\projects\shooting\tohoenemy.cpp(93): warning C4244: '=': 'double' から 'int' への変換です。データが失われる可能性があります。
c:\users\admin\documents\visual studio 2015\projects\shooting\tohoenemy.cpp(173): warning C4244: '引数': 'double' から 'int' への変換です。データが失われる可能性があります。
  EnemyUnit.cpp
  Display.cpp
  Client.cpp
c:\users\admin\documents\visual studio 2015\projects\shooting\client.cpp(48): warning C4244: '=': 'double' から 'float' への変換です。データが失われる可能性があります。
c:\users\admin\documents\visual studio 2015\projects\shooting\client.cpp(34): warning C4101: 'string': ローカル変数は 1 度も使われていません。
c:\users\admin\documents\visual studio 2015\projects\shooting\client.cpp(78): warning C4101: 'text': ローカル変数は 1 度も使われていません。
c:\users\admin\documents\visual studio 2015\projects\shooting\client.cpp(103): warning C4101: 'text': ローカル変数は 1 度も使われていません。
c:\users\admin\documents\visual studio 2015\projects\shooting\client.cpp(131): warning C4101: 'text': ローカル変数は 1 度も使われていません。
c:\users\admin\documents\visual studio 2015\projects\shooting\client.cpp(144): warning C4244: '=': 'double' から 'float' への変換です。データが失われる可能性があります。
  Character.cpp
  コードを生成中...
  Unit.cpp
  Main.cpp
c:\users\admin\documents\visual studio 2015\projects\shooting\tohoenemy.cpp(51): warning C4244: '=': 'double' から 'int' への変換です。データが失われる可能性があります。
c:\users\admin\documents\visual studio 2015\projects\shooting\tohoenemy.cpp(52): warning C4244: '=': 'double' から 'int' への変換です。データが失われる可能性があります。
c:\users\admin\documents\visual studio 2015\projects\shooting\tohoenemy.cpp(71): warning C4244: '=': 'double' から 'int' への変換です。データが失われる可能性があります。
c:\users\admin\documents\visual studio 2015\projects\shooting\tohoenemy.cpp(72): warning C4244: '=': 'double' から 'int' への変換です。データが失われる可能性があります。
c:\users\admin\documents\visual studio 2015\projects\shooting\tohoenemy.cpp(80): warning C4244: '=': 'double' から 'int' への変換です。データが失われる可能性があります。
c:\users\admin\documents\visual studio 2015\projects\shooting\tohoenemy.cpp(82): warning C4244: '=': 'double' から 'int' への変換です。データが失われる可能性があります。
c:\users\admin\documents\visual studio 2015\projects\shooting\tohoenemy.cpp(90): warning C4244: '=': 'double' から 'int' への変換です。データが失われる可能性があります。
c:\users\admin\documents\visual studio 2015\projects\shooting\tohoenemy.cpp(93): warning C4244: '=': 'double' から 'int' への変換です。データが失われる可能性があります。
c:\users\admin\documents\visual studio 2015\projects\shooting\tohoenemy.cpp(173): warning C4244: '引数': 'double' から 'int' への変換です。データが失われる可能性があります。
c:\users\admin\documents\visual studio 2015\projects\shooting\client.cpp(48): warning C4244: '=': 'double' から 'float' への変換です。データが失われる可能性があります。
c:\users\admin\documents\visual studio 2015\projects\shooting\client.cpp(34): warning C4101: 'string': ローカル変数は 1 度も使われていません。
c:\users\admin\documents\visual studio 2015\projects\shooting\client.cpp(78): warning C4101: 'text': ローカル変数は 1 度も使われていません。
c:\users\admin\documents\visual studio 2015\projects\shooting\client.cpp(103): warning C4101: 'text': ローカル変数は 1 度も使われていません。
c:\users\admin\documents\visual studio 2015\projects\shooting\client.cpp(131): warning C4101: 'text': ローカル変数は 1 度も使われていません。
c:\users\admin\documents\visual studio 2015\projects\shooting\client.cpp(144): warning C4244: '=': 'double' から 'float' への変換です。データが失われる可能性があります。
  コードを生成中...
  Shooting.vcxproj -> C:\Users\admin\Documents\Visual Studio 2015\Projects\Shooting\Debug\Shooting.exe
  Shooting.vcxproj -> C:\Users\admin\Documents\Visual Studio 2015\Projects\Shooting\Debug\Shooting.pdb (Full PDB)
