c:\users\admin\documents\visual studio 2015\projects\shooting\release\vc140.pdb
c:\users\admin\documents\visual studio 2015\projects\shooting\release\unit.obj
c:\users\admin\documents\visual studio 2015\projects\shooting\release\shot.obj
c:\users\admin\documents\visual studio 2015\projects\shooting\release\playerunit.obj
c:\users\admin\documents\visual studio 2015\projects\shooting\release\material.obj
c:\users\admin\documents\visual studio 2015\projects\shooting\release\main.obj
c:\users\admin\documents\visual studio 2015\projects\shooting\release\inputkey.obj
c:\users\admin\documents\visual studio 2015\projects\shooting\release\graphics.obj
c:\users\admin\documents\visual studio 2015\projects\shooting\release\filereader.obj
c:\users\admin\documents\visual studio 2015\projects\shooting\release\enemyunit.obj
c:\users\admin\documents\visual studio 2015\projects\shooting\release\display.obj
c:\users\admin\documents\visual studio 2015\projects\shooting\release\character.obj
c:\users\admin\documents\visual studio 2015\projects\shooting\release\shooting.exe
c:\users\admin\documents\visual studio 2015\projects\shooting\release\shooting.ipdb
c:\users\admin\documents\visual studio 2015\projects\shooting\release\shooting.iobj
c:\users\admin\documents\visual studio 2015\projects\shooting\release\shooting.pdb
c:\users\admin\documents\visual studio 2015\projects\shooting\release\shooting.tlog\cl.command.1.tlog
c:\users\admin\documents\visual studio 2015\projects\shooting\release\shooting.tlog\cl.read.1.tlog
c:\users\admin\documents\visual studio 2015\projects\shooting\release\shooting.tlog\cl.write.1.tlog
c:\users\admin\documents\visual studio 2015\projects\shooting\release\shooting.tlog\link.command.1.tlog
c:\users\admin\documents\visual studio 2015\projects\shooting\release\shooting.tlog\link.read.1.tlog
c:\users\admin\documents\visual studio 2015\projects\shooting\release\shooting.tlog\link.write.1.tlog
